# JRE version: OpenJDK Runtime Environment (21.0.6+7) (build 21.0.6+7-Ubuntu-122.04.1)
# Java VM: OpenJDK 64-Bit Server VM (21.0.6+7-Ubuntu-122.04.1, mixed mode, tiered, compressed class ptrs, z gc, linux-amd64)
GC Precious Log:
 NUMA Support: Disabled
 CPUs: 16 total, 16 available
 Memory: 32050M
 Large Page Support: Disabled
 Address Space Type: Contiguous/Unrestricted/Complete
 Address Space Size: 49152M
 Heap Backing File: /memfd:java_heap
 Heap Backing Filesystem: tmpfs (0x1021994)
 Min Capacity: 300M
 Initial Capacity: 300M
 Max Capacity: 3072M
 Soft Max Capacity: 3072M
 Medium Page Size: 32M
 Pre-touch: Disabled
 Available space on backing filesystem: N/A
 Uncommit: Enabled
 Uncommit Delay: 300s
 GC Workers for Old Generation: 4 (dynamic)
 GC Workers for Young Generation: 4 (dynamic)
 GC Workers Max: 4 (dynamic)
 Runtime Workers: 10
Heap:
 ZHeap           used 318M, capacity 318M, max capacity 3072M
 Metaspace       used 190141K, committed 190464K, reserved 1245184K
  class space    used 47103K, committed 47232K, reserved 1048576K
GC Heap History (16 events):
Event: 0.365 GC heap before
{Heap before GC invocations=0 (full 0):
 ZHeap           used 76M, capacity 300M, max capacity 3072M
 Metaspace       used 21354K, committed 21568K, reserved 1114112K
  class space    used 3127K, committed 3200K, reserved 1048576K
}
Event: 0.379 GC heap after
{Heap after GC invocations=1 (full 1):
 ZHeap           used 52M, capacity 300M, max capacity 3072M
 Metaspace       used 22830K, committed 23040K, reserved 1114112K
  class space    used 3435K, committed 3520K, reserved 1048576K
}
Event: 0.379 GC heap before
{Heap before GC invocations=1 (full 1):
 ZHeap           used 52M, capacity 300M, max capacity 3072M
 Metaspace       used 22864K, committed 23040K, reserved 1114112K
  class space    used 3435K, committed 3520K, reserved 1048576K
}
Event: 0.388 GC heap after
{Heap after GC invocations=1 (full 1):
 ZHeap           used 54M, capacity 300M, max capacity 3072M
 Metaspace       used 23673K, committed 23872K, reserved 1114112K
  class space    used 3639K, committed 3712K, reserved 1048576K
}
Event: 0.492 GC heap before
{Heap before GC invocations=1 (full 1):
 ZHeap           used 88M, capacity 300M, max capacity 3072M
 Metaspace       used 39655K, committed 39872K, reserved 1114112K
  class space    used 6751K, committed 6848K, reserved 1048576K
}
Event: 0.513 GC heap after
{Heap after GC invocations=2 (full 2):
 ZHeap           used 88M, capacity 300M, max capacity 3072M
 Metaspace       used 46467K, committed 46656K, reserved 1114112K
  class space    used 8247K, committed 8320K, reserved 1048576K
}
Event: 0.513 GC heap before
{Heap before GC invocations=2 (full 2):
 ZHeap           used 88M, capacity 300M, max capacity 3072M
 Metaspace       used 46467K, committed 46656K, reserved 1114112K
  class space    used 8247K, committed 8320K, reserved 1048576K
}
Event: 0.525 GC heap after
{Heap after GC invocations=2 (full 2):
 ZHeap           used 88M, capacity 300M, max capacity 3072M
 Metaspace       used 49219K, committed 49408K, reserved 1114112K
  class space    used 8939K, committed 9024K, reserved 1048576K
}
Event: 0.695 GC heap before
{Heap before GC invocations=2 (full 2):
 ZHeap           used 122M, capacity 300M, max capacity 3072M
 Metaspace       used 82264K, committed 82432K, reserved 1179648K
  class space    used 17051K, committed 17088K, reserved 1048576K
}
Event: 0.719 GC heap after
{Heap after GC invocations=3 (full 3):
 ZHeap           used 96M, capacity 300M, max capacity 3072M
 Metaspace       used 84314K, committed 84480K, reserved 1179648K
  class space    used 17602K, committed 17664K, reserved 1048576K
}
Event: 0.719 GC heap before
{Heap before GC invocations=3 (full 3):
 ZHeap           used 96M, capacity 300M, max capacity 3072M
 Metaspace       used 84316K, committed 84480K, reserved 1179648K
  class space    used 17602K, committed 17664K, reserved 1048576K
}
Event: 0.734 GC heap after
{Heap after GC invocations=3 (full 3):
 ZHeap           used 86M, capacity 300M, max capacity 3072M
 Metaspace       used 85522K, committed 85696K, reserved 1179648K
  class space    used 18014K, committed 18112K, reserved 1048576K
}
Event: 1.142 GC heap before
{Heap before GC invocations=3 (full 3):
 ZHeap           used 188M, capacity 300M, max capacity 3072M
 Metaspace       used 142605K, committed 142784K, reserved 1179648K
  class space    used 36329K, committed 36416K, reserved 1048576K
}
Event: 1.208 GC heap after
{Heap after GC invocations=4 (full 4):
 ZHeap           used 132M, capacity 300M, max capacity 3072M
 Metaspace       used 155476K, committed 155584K, reserved 1179648K
  class space    used 42257K, committed 42304K, reserved 1048576K
}
Event: 1.208 GC heap before
{Heap before GC invocations=4 (full 4):
 ZHeap           used 132M, capacity 300M, max capacity 3072M
 Metaspace       used 155476K, committed 155584K, reserved 1179648K
  class space    used 42257K, committed 42304K, reserved 1048576K
}
Event: 1.228 GC heap after
{Heap after GC invocations=4 (full 4):
 ZHeap           used 132M, capacity 300M, max capacity 3072M
 Metaspace       used 156311K, committed 156480K, reserved 1179648K
  class space    used 42660K, committed 42752K, reserved 1048576K
}

