Build started at 2022-07-23T20:39:29.228785
Main binary: /usr/bin/python3.10
Build Options: -Db_pch=false -Dwerror=false -Ddocumentation=false -Ddtd_validation=false -Dlibraries=false -Dscanner=true -Dtests=false -Dprefix=/usr -Dlibdir=lib64 -Dlocalstatedir=/var/lib -Dsysconfdir=/etc -Dbuildtype=plain -Dwrap_mode=nodownload -Dbuild.pkg_config_path=/usr/share/pkgconfig -Dpkg_config_path=/usr/share/pkgconfig '--native-file /etc/portage/package.tmp/portage/dev-util/wayland-scanner-1.21.0/temp/meson.x86_64-pc-linux-gnu.amd64.ini'
Python system: Linux
The Meson build system
Version: 0.63.0
Source dir: /etc/portage/package.tmp/portage/dev-util/wayland-scanner-1.21.0/work/wayland-1.21.0
Build dir: /etc/portage/package.tmp/portage/dev-util/wayland-scanner-1.21.0/work/wayland-scanner-1.21.0-build
Build type: native build
Project name: wayland
Project version: 1.21.0
Sanity testing C compiler: clang
Is cross compiler: False.
Sanity check compiler command line: clang sanitycheckc.c -o sanitycheckc.exe -march=native -O2 -flto -fdiagnostics-color=always -D_FILE_OFFSET_BITS=64 -fuse-ld=lld -Wl,--icf=all
Sanity check compile stdout:

-----
Sanity check compile stderr:

-----
Running test binary command: /etc/portage/package.tmp/portage/dev-util/wayland-scanner-1.21.0/work/wayland-scanner-1.21.0-build/meson-private/sanitycheckc.exe
C compiler for the host machine: clang (clang 14.0.6 "clang version 14.0.6")
C linker for the host machine: clang ld.bfd 2.37
Sanity testing C compiler: clang
Is cross compiler: False.
Sanity check compiler command line: clang sanitycheckc.c -o sanitycheckc.exe -D_FILE_OFFSET_BITS=64
Sanity check compile stdout:

-----
Sanity check compile stderr:

-----
Running test binary command: /etc/portage/package.tmp/portage/dev-util/wayland-scanner-1.21.0/work/wayland-scanner-1.21.0-build/meson-private/sanitycheckc.exe
C compiler for the build machine: clang (clang 14.0.6 "clang version 14.0.6")
C linker for the build machine: clang ld.bfd 2.37
Build machine cpu family: x86_64
Build machine cpu: x86_64
Host machine cpu family: x86_64
Host machine cpu: x86_64
Target machine cpu family: x86_64
Target machine cpu: x86_64
Running compile:
Working directory:  /etc/portage/package.tmp/portage/dev-util/wayland-scanner-1.21.0/work/wayland-scanner-1.21.0-build/meson-private/tmp60bzo8ef
Command line:  clang /etc/portage/package.tmp/portage/dev-util/wayland-scanner-1.21.0/work/wayland-scanner-1.21.0-build/meson-private/tmp60bzo8ef/testfile.c -o /etc/portage/package.tmp/portage/dev-util/wayland-scanner-1.21.0/work/wayland-scanner-1.21.0-build/meson-private/tmp60bzo8ef/output.obj -c -march=native -O2 -flto -fdiagnostics-color=always -D_FILE_OFFSET_BITS=64 -O0 -Werror=implicit-function-declaration -Werror=unknown-warning-option -Werror=unused-command-line-argument -Werror=ignored-optimization-argument -Wunused-parameter -Wno-unused-parameter 

Code:
 extern int i;
int i;

Compiler stdout:
 
Compiler stderr:
 
Compiler for C supports arguments -Wno-unused-parameter: YES 
Running compile:
Working directory:  /etc/portage/package.tmp/portage/dev-util/wayland-scanner-1.21.0/work/wayland-scanner-1.21.0-build/meson-private/tmp83w2hc25
Command line:  clang /etc/portage/package.tmp/portage/dev-util/wayland-scanner-1.21.0/work/wayland-scanner-1.21.0-build/meson-private/tmp83w2hc25/testfile.c -o /etc/portage/package.tmp/portage/dev-util/wayland-scanner-1.21.0/work/wayland-scanner-1.21.0-build/meson-private/tmp83w2hc25/output.obj -c -march=native -O2 -flto -fdiagnostics-color=always -D_FILE_OFFSET_BITS=64 -O0 -Werror=implicit-function-declaration -Werror=unknown-warning-option -Werror=unused-command-line-argument -Werror=ignored-optimization-argument -Wstrict-prototypes 

Code:
 extern int i;
int i;

Compiler stdout:
 
Compiler stderr:
 
Compiler for C supports arguments -Wstrict-prototypes: YES 
Running compile:
Working directory:  /etc/portage/package.tmp/portage/dev-util/wayland-scanner-1.21.0/work/wayland-scanner-1.21.0-build/meson-private/tmp0n4pyy4r
Command line:  clang /etc/portage/package.tmp/portage/dev-util/wayland-scanner-1.21.0/work/wayland-scanner-1.21.0-build/meson-private/tmp0n4pyy4r/testfile.c -o /etc/portage/package.tmp/portage/dev-util/wayland-scanner-1.21.0/work/wayland-scanner-1.21.0-build/meson-private/tmp0n4pyy4r/output.obj -c -march=native -O2 -flto -fdiagnostics-color=always -D_FILE_OFFSET_BITS=64 -O0 -Werror=implicit-function-declaration -Werror=unknown-warning-option -Werror=unused-command-line-argument -Werror=ignored-optimization-argument -Wmissing-prototypes 

Code:
 extern int i;
int i;

Compiler stdout:
 
Compiler stderr:
 
Compiler for C supports arguments -Wmissing-prototypes: YES 
Running compile:
Working directory:  /etc/portage/package.tmp/portage/dev-util/wayland-scanner-1.21.0/work/wayland-scanner-1.21.0-build/meson-private/tmpqw6dnmu3
Command line:  clang /etc/portage/package.tmp/portage/dev-util/wayland-scanner-1.21.0/work/wayland-scanner-1.21.0-build/meson-private/tmpqw6dnmu3/testfile.c -o /etc/portage/package.tmp/portage/dev-util/wayland-scanner-1.21.0/work/wayland-scanner-1.21.0-build/meson-private/tmpqw6dnmu3/output.obj -c -march=native -O2 -flto -fdiagnostics-color=always -D_FILE_OFFSET_BITS=64 -O0 -Werror=implicit-function-declaration -Werror=unknown-warning-option -Werror=unused-command-line-argument -Werror=ignored-optimization-argument -fvisibility=hidden 

Code:
 extern int i;
int i;

Compiler stdout:
 
Compiler stderr:
 
Compiler for C supports arguments -fvisibility=hidden: YES 
Running compile:
Working directory:  /etc/portage/package.tmp/portage/dev-util/wayland-scanner-1.21.0/work/wayland-scanner-1.21.0-build/meson-private/tmpy3rxfp5l
Command line:  clang /etc/portage/package.tmp/portage/dev-util/wayland-scanner-1.21.0/work/wayland-scanner-1.21.0-build/meson-private/tmpy3rxfp5l/testfile.c -E -P -march=native -O2 -flto -fdiagnostics-color=always -D_FILE_OFFSET_BITS=64 -P -O0 -Werror=implicit-function-declaration -std=c99 

Code:
 
        #ifdef __has_include
         #if !__has_include("sys/prctl.h")
          #error "Header 'sys/prctl.h' could not be found"
         #endif
        #else
         #include <sys/prctl.h>
        #endif
Compiler stdout:
 

Compiler stderr:
 
Has header "sys/prctl.h" : YES 
Running compile:
Working directory:  /etc/portage/package.tmp/portage/dev-util/wayland-scanner-1.21.0/work/wayland-scanner-1.21.0-build/meson-private/tmp1tnynhyp
Command line:  clang /etc/portage/package.tmp/portage/dev-util/wayland-scanner-1.21.0/work/wayland-scanner-1.21.0-build/meson-private/tmp1tnynhyp/testfile.c -E -P -march=native -O2 -flto -fdiagnostics-color=always -D_FILE_OFFSET_BITS=64 -P -O0 -Werror=implicit-function-declaration -std=c99 

Code:
 
        #ifdef __has_include
         #if !__has_include("sys/procctl.h")
          #error "Header 'sys/procctl.h' could not be found"
         #endif
        #else
         #include <sys/procctl.h>
        #endif
Compiler stdout:
 

Compiler stderr:
 [1m/etc/portage/package.tmp/portage/dev-util/wayland-scanner-1.21.0/work/wayland-scanner-1.21.0-build/meson-private/tmp1tnynhyp/testfile.c:4:12: [0m[0;1;31merror: [0m[1m"Header 'sys/procctl.h' could not be found"[0m
          #error "Header 'sys/procctl.h' could not be found"
[0;1;32m           ^
[0m1 error generated.

Has header "sys/procctl.h" : NO 
Running compile:
Working directory:  /etc/portage/package.tmp/portage/dev-util/wayland-scanner-1.21.0/work/wayland-scanner-1.21.0-build/meson-private/tmpb1y2ptkh
Command line:  clang /etc/portage/package.tmp/portage/dev-util/wayland-scanner-1.21.0/work/wayland-scanner-1.21.0-build/meson-private/tmpb1y2ptkh/testfile.c -E -P -march=native -O2 -flto -fdiagnostics-color=always -D_FILE_OFFSET_BITS=64 -P -O0 -Werror=implicit-function-declaration -std=c99 

Code:
 
        #ifdef __has_include
         #if !__has_include("sys/ucred.h")
          #error "Header 'sys/ucred.h' could not be found"
         #endif
        #else
         #include <sys/ucred.h>
        #endif
Compiler stdout:
 

Compiler stderr:
 [1m/etc/portage/package.tmp/portage/dev-util/wayland-scanner-1.21.0/work/wayland-scanner-1.21.0-build/meson-private/tmpb1y2ptkh/testfile.c:4:12: [0m[0;1;31merror: [0m[1m"Header 'sys/ucred.h' could not be found"[0m
          #error "Header 'sys/ucred.h' could not be found"
[0;1;32m           ^
[0m1 error generated.

Has header "sys/ucred.h" : NO 
Running compile:
Working directory:  /etc/portage/package.tmp/portage/dev-util/wayland-scanner-1.21.0/work/wayland-scanner-1.21.0-build/meson-private/tmp0wd_e04q
Command line:  clang /etc/portage/package.tmp/portage/dev-util/wayland-scanner-1.21.0/work/wayland-scanner-1.21.0-build/meson-private/tmp0wd_e04q/testfile.c -o /etc/portage/package.tmp/portage/dev-util/wayland-scanner-1.21.0/work/wayland-scanner-1.21.0-build/meson-private/tmp0wd_e04q/output.exe -march=native -O2 -flto -fdiagnostics-color=always -D_FILE_OFFSET_BITS=64 -O0 -Werror=implicit-function-declaration -std=c99 -fuse-ld=lld -Wl,--icf=all 

Code:
 
        #define accept4 meson_disable_define_of_accept4
        
        #include <limits.h>
        #undef accept4
        
        #ifdef __cplusplus
        extern "C"
        #endif
        char accept4 (void);
        
        #if defined __stub_accept4 || defined __stub___accept4
        fail fail fail this function is not going to work
        #endif
        
        int main(void) {
          return accept4 ();
        }
Compiler stdout:
 
Compiler stderr:
 
Checking for function "accept4" : YES 
Running compile:
Working directory:  /etc/portage/package.tmp/portage/dev-util/wayland-scanner-1.21.0/work/wayland-scanner-1.21.0-build/meson-private/tmp5r2l4ez7
Command line:  clang /etc/portage/package.tmp/portage/dev-util/wayland-scanner-1.21.0/work/wayland-scanner-1.21.0-build/meson-private/tmp5r2l4ez7/testfile.c -o /etc/portage/package.tmp/portage/dev-util/wayland-scanner-1.21.0/work/wayland-scanner-1.21.0-build/meson-private/tmp5r2l4ez7/output.exe -march=native -O2 -flto -fdiagnostics-color=always -D_FILE_OFFSET_BITS=64 -O0 -Werror=implicit-function-declaration -std=c99 -fuse-ld=lld -Wl,--icf=all 

Code:
 
        #define mkostemp meson_disable_define_of_mkostemp
        
        #include <limits.h>
        #undef mkostemp
        
        #ifdef __cplusplus
        extern "C"
        #endif
        char mkostemp (void);
        
        #if defined __stub_mkostemp || defined __stub___mkostemp
        fail fail fail this function is not going to work
        #endif
        
        int main(void) {
          return mkostemp ();
        }
Compiler stdout:
 
Compiler stderr:
 
Checking for function "mkostemp" : YES 
Running compile:
Working directory:  /etc/portage/package.tmp/portage/dev-util/wayland-scanner-1.21.0/work/wayland-scanner-1.21.0-build/meson-private/tmpy6l8t0fm
Command line:  clang /etc/portage/package.tmp/portage/dev-util/wayland-scanner-1.21.0/work/wayland-scanner-1.21.0-build/meson-private/tmpy6l8t0fm/testfile.c -o /etc/portage/package.tmp/portage/dev-util/wayland-scanner-1.21.0/work/wayland-scanner-1.21.0-build/meson-private/tmpy6l8t0fm/output.exe -march=native -O2 -flto -fdiagnostics-color=always -D_FILE_OFFSET_BITS=64 -O0 -Werror=implicit-function-declaration -std=c99 -fuse-ld=lld -Wl,--icf=all 

Code:
 
        #define posix_fallocate meson_disable_define_of_posix_fallocate
        
        #include <limits.h>
        #undef posix_fallocate
        
        #ifdef __cplusplus
        extern "C"
        #endif
        char posix_fallocate (void);
        
        #if defined __stub_posix_fallocate || defined __stub___posix_fallocate
        fail fail fail this function is not going to work
        #endif
        
        int main(void) {
          return posix_fallocate ();
        }
Compiler stdout:
 
Compiler stderr:
 
Checking for function "posix_fallocate" : YES 
Running compile:
Working directory:  /etc/portage/package.tmp/portage/dev-util/wayland-scanner-1.21.0/work/wayland-scanner-1.21.0-build/meson-private/tmpdgydampx
Command line:  clang /etc/portage/package.tmp/portage/dev-util/wayland-scanner-1.21.0/work/wayland-scanner-1.21.0-build/meson-private/tmpdgydampx/testfile.c -o /etc/portage/package.tmp/portage/dev-util/wayland-scanner-1.21.0/work/wayland-scanner-1.21.0-build/meson-private/tmpdgydampx/output.exe -march=native -O2 -flto -fdiagnostics-color=always -D_FILE_OFFSET_BITS=64 -O0 -Werror=implicit-function-declaration -std=c99 -fuse-ld=lld -Wl,--icf=all 

Code:
 
        #define prctl meson_disable_define_of_prctl
        
        #include <limits.h>
        #undef prctl
        
        #ifdef __cplusplus
        extern "C"
        #endif
        char prctl (void);
        
        #if defined __stub_prctl || defined __stub___prctl
        fail fail fail this function is not going to work
        #endif
        
        int main(void) {
          return prctl ();
        }
Compiler stdout:
 
Compiler stderr:
 
Checking for function "prctl" : YES 
Running compile:
Working directory:  /etc/portage/package.tmp/portage/dev-util/wayland-scanner-1.21.0/work/wayland-scanner-1.21.0-build/meson-private/tmp_mcjjety
Command line:  clang /etc/portage/package.tmp/portage/dev-util/wayland-scanner-1.21.0/work/wayland-scanner-1.21.0-build/meson-private/tmp_mcjjety/testfile.c -o /etc/portage/package.tmp/portage/dev-util/wayland-scanner-1.21.0/work/wayland-scanner-1.21.0-build/meson-private/tmp_mcjjety/output.exe -march=native -O2 -flto -fdiagnostics-color=always -D_FILE_OFFSET_BITS=64 -O0 -Werror=implicit-function-declaration -std=c99 -fuse-ld=lld -Wl,--icf=all 

Code:
 
        #define memfd_create meson_disable_define_of_memfd_create
        
        #include <limits.h>
        #undef memfd_create
        
        #ifdef __cplusplus
        extern "C"
        #endif
        char memfd_create (void);
        
        #if defined __stub_memfd_create || defined __stub___memfd_create
        fail fail fail this function is not going to work
        #endif
        
        int main(void) {
          return memfd_create ();
        }
Compiler stdout:
 
Compiler stderr:
 
Checking for function "memfd_create" : YES 
Running compile:
Working directory:  /etc/portage/package.tmp/portage/dev-util/wayland-scanner-1.21.0/work/wayland-scanner-1.21.0-build/meson-private/tmpcw061az7
Command line:  clang /etc/portage/package.tmp/portage/dev-util/wayland-scanner-1.21.0/work/wayland-scanner-1.21.0-build/meson-private/tmpcw061az7/testfile.c -o /etc/portage/package.tmp/portage/dev-util/wayland-scanner-1.21.0/work/wayland-scanner-1.21.0-build/meson-private/tmpcw061az7/output.exe -march=native -O2 -flto -fdiagnostics-color=always -D_FILE_OFFSET_BITS=64 -O0 -Werror=implicit-function-declaration -std=c99 -fuse-ld=lld -Wl,--icf=all 

Code:
 
        #define mremap meson_disable_define_of_mremap
        
        #include <limits.h>
        #undef mremap
        
        #ifdef __cplusplus
        extern "C"
        #endif
        char mremap (void);
        
        #if defined __stub_mremap || defined __stub___mremap
        fail fail fail this function is not going to work
        #endif
        
        int main(void) {
          return mremap ();
        }
Compiler stdout:
 
Compiler stderr:
 
Checking for function "mremap" : YES 
Running compile:
Working directory:  /etc/portage/package.tmp/portage/dev-util/wayland-scanner-1.21.0/work/wayland-scanner-1.21.0-build/meson-private/tmpwgpa95hn
Command line:  clang /etc/portage/package.tmp/portage/dev-util/wayland-scanner-1.21.0/work/wayland-scanner-1.21.0-build/meson-private/tmpwgpa95hn/testfile.c -o /etc/portage/package.tmp/portage/dev-util/wayland-scanner-1.21.0/work/wayland-scanner-1.21.0-build/meson-private/tmpwgpa95hn/output.exe -march=native -O2 -flto -fdiagnostics-color=always -D_FILE_OFFSET_BITS=64 -O0 -Werror=implicit-function-declaration -std=c99 -fuse-ld=lld -Wl,--icf=all 

Code:
 
        #define strndup meson_disable_define_of_strndup
        
        #include <limits.h>
        #undef strndup
        
        #ifdef __cplusplus
        extern "C"
        #endif
        char strndup (void);
        
        #if defined __stub_strndup || defined __stub___strndup
        fail fail fail this function is not going to work
        #endif
        
        int main(void) {
          return strndup ();
        }
Compiler stdout:
 
Compiler stderr:
 
Checking for function "strndup" : YES 
Running compile:
Working directory:  /etc/portage/package.tmp/portage/dev-util/wayland-scanner-1.21.0/work/wayland-scanner-1.21.0-build/meson-private/tmp5yhorn49
Command line:  clang /etc/portage/package.tmp/portage/dev-util/wayland-scanner-1.21.0/work/wayland-scanner-1.21.0-build/meson-private/tmp5yhorn49/testfile.c -o /etc/portage/package.tmp/portage/dev-util/wayland-scanner-1.21.0/work/wayland-scanner-1.21.0-build/meson-private/tmp5yhorn49/output.obj -c -march=native -O2 -flto -fdiagnostics-color=always -D_FILE_OFFSET_BITS=64 -O0 -Werror=implicit-function-declaration -Werror=unknown-warning-option -Werror=unused-command-line-argument -Werror=ignored-optimization-argument -std=c99 

Code:
 #include <sys/ucred.h>
        void bar(void) {
            struct xucred foo;
            foo.cr_pid;

        }
Compiler stdout:
 
Compiler stderr:
 [1m/etc/portage/package.tmp/portage/dev-util/wayland-scanner-1.21.0/work/wayland-scanner-1.21.0-build/meson-private/tmp5yhorn49/testfile.c:1:10: [0m[0;1;31mfatal error: [0m[1m'sys/ucred.h' file not found[0m
#include <sys/ucred.h>
[0;1;32m         ^~~~~~~~~~~~~
[0m1 error generated.

Checking whether type "struct xucred" has member "cr_pid" : NO 
Configuring config.h using configuration
Configuring wayland-version.h using configuration
Pkg-config binary for 1 is not cached.
Pkg-config binary for 1 specified from cross file, native file, or env var as ['x86_64-pc-linux-gnu-pkg-config']
Found pkg-config: /usr/sbin/x86_64-pc-linux-gnu-pkg-config (1.8.0)
Determining dependency 'expat' with pkg-config executable '/usr/sbin/x86_64-pc-linux-gnu-pkg-config'
env[PKG_TMPDIR]: /etc/portage/package.tmp/portage/._unmerge_
env[PKG_LOGDIR]: /etc/portage/package.tmp/portage/dev-util/wayland-scanner-1.21.0/temp/logging
env[PKG_CONFIG_PATH]: /usr/share/pkgconfig
env[PKG_CONFIG_LIBDIR]: /usr/lib64/pkgconfig
Called `/usr/sbin/x86_64-pc-linux-gnu-pkg-config --modversion expat` -> 0
2.4.8
env[PKG_TMPDIR]: /etc/portage/package.tmp/portage/._unmerge_
env[PKG_LOGDIR]: /etc/portage/package.tmp/portage/dev-util/wayland-scanner-1.21.0/temp/logging
env[PKG_CONFIG_PATH]: /usr/share/pkgconfig
env[PKG_CONFIG_LIBDIR]: /usr/lib64/pkgconfig
Called `/usr/sbin/x86_64-pc-linux-gnu-pkg-config --cflags expat` -> 0

env[PKG_TMPDIR]: /etc/portage/package.tmp/portage/._unmerge_
env[PKG_LOGDIR]: /etc/portage/package.tmp/portage/dev-util/wayland-scanner-1.21.0/temp/logging
env[PKG_CONFIG_ALLOW_SYSTEM_LIBS]: 1
env[PKG_CONFIG_PATH]: /usr/share/pkgconfig
env[PKG_CONFIG_LIBDIR]: /usr/lib64/pkgconfig
Called `/usr/sbin/x86_64-pc-linux-gnu-pkg-config --libs expat` -> 0
-L/usr/lib64 -lexpat
env[PKG_TMPDIR]: /etc/portage/package.tmp/portage/._unmerge_
env[PKG_LOGDIR]: /etc/portage/package.tmp/portage/dev-util/wayland-scanner-1.21.0/temp/logging
env[PKG_CONFIG_PATH]: /usr/share/pkgconfig
env[PKG_CONFIG_LIBDIR]: /usr/lib64/pkgconfig
Called `/usr/sbin/x86_64-pc-linux-gnu-pkg-config --libs expat` -> 0
-lexpat
Running compile:
Working directory:  /etc/portage/package.tmp/portage/dev-util/wayland-scanner-1.21.0/work/wayland-scanner-1.21.0-build/meson-private/tmpsk7e24pr
Command line:  clang /etc/portage/package.tmp/portage/dev-util/wayland-scanner-1.21.0/work/wayland-scanner-1.21.0-build/meson-private/tmpsk7e24pr/testfile.c -o /etc/portage/package.tmp/portage/dev-util/wayland-scanner-1.21.0/work/wayland-scanner-1.21.0-build/meson-private/tmpsk7e24pr/output.exe -march=native -O2 -flto -fdiagnostics-color=always -D_FILE_OFFSET_BITS=64 -O0 -Werror=implicit-function-declaration -fuse-ld=lld -Wl,--icf=all 

Code:
 #include<stdio.h>
        
        int main(void) {
            printf("%ld\n", (long)(sizeof(void *)));
            return 0;
        }
Compiler stdout:
 
Compiler stderr:
 
Program stdout:

8

Program stderr:


Running compile:
Working directory:  /etc/portage/package.tmp/portage/dev-util/wayland-scanner-1.21.0/work/wayland-scanner-1.21.0-build/meson-private/tmp0fhxj87d
Command line:  clang /etc/portage/package.tmp/portage/dev-util/wayland-scanner-1.21.0/work/wayland-scanner-1.21.0-build/meson-private/tmp0fhxj87d/testfile.c -o /etc/portage/package.tmp/portage/dev-util/wayland-scanner-1.21.0/work/wayland-scanner-1.21.0-build/meson-private/tmp0fhxj87d/output.obj -c -march=native -O2 -flto -fdiagnostics-color=always -D_FILE_OFFSET_BITS=64 -O0 -Werror=implicit-function-declaration -Werror=unknown-warning-option -Werror=unused-command-line-argument -Werror=ignored-optimization-argument --print-search-dirs 

Code:
 
Compiler stdout:
 programs: =/usr/lib/llvm/14/bin:/usr/lib/gcc/x86_64-pc-linux-gnu/11.3.0/../../../../x86_64-pc-linux-gnu/bin
libraries: =/usr/lib/llvm/14/bin/../../../../lib/clang/14.0.6:/usr/lib/gcc/x86_64-pc-linux-gnu/11.3.0:/usr/lib/gcc/x86_64-pc-linux-gnu/11.3.0/../../../../lib64:/lib/../lib64:/usr/lib/../lib64:/usr/lib/gcc/x86_64-pc-linux-gnu/11.3.0/../../../../x86_64-pc-linux-gnu/lib:/lib:/usr/lib

Compiler stderr:
 
Run-time dependency expat found: YES 2.4.8
Program embed.py found: YES (/usr/bin/python3.10 /etc/portage/package.tmp/portage/dev-util/wayland-scanner-1.21.0/work/wayland-1.21.0/src/embed.py)
Build targets in project: 3
NOTICE: Future-deprecated features used:
 * 0.62.0: {'pkgconfig.generate variable for builtin directories'}

wayland 1.21.0

  User defined options
    Native files         : /etc/portage/package.tmp/portage/dev-util/wayland-scanner-1.21.0/temp/meson.x86_64-pc-linux-gnu.amd64.ini
    build.pkg_config_path: /usr/share/pkgconfig
    buildtype            : plain
    libdir               : lib64
    localstatedir        : /var/lib
    pkg_config_path      : /usr/share/pkgconfig
    prefix               : /usr
    sysconfdir           : /etc
    werror               : false
    wrap_mode            : nodownload
    b_pch                : false
    documentation        : false
    dtd_validation       : false
    libraries            : false
    scanner              : true
    tests                : false

Found ninja-1.10.2 at /usr/sbin/ninja
Failed to guess install tag for /usr/share/wayland/wayland-scanner.mk
Failed to guess install tag for /usr/share/wayland/wayland.xml
Failed to guess install tag for /usr/share/wayland/wayland.dtd
Failed to guess install tag for /usr/share/aclocal/wayland-scanner.m4
