Build started at 2022-07-23T18:46:19.255583
Main binary: /usr/bin/python3.10
Build Options: -Db_pch=false -Dwerror=false -Ddocumentation=false -Ddtd_validation=false -Dlibraries=false -Dscanner=true -Dtests=false -Dprefix=/usr -Dlibdir=lib64 -Dlocalstatedir=/var/lib -Dsysconfdir=/etc -Dbuildtype=plain -Dwrap_mode=nodownload -Dbuild.pkg_config_path=/usr/share/pkgconfig -Dpkg_config_path=/usr/share/pkgconfig '--native-file /etc/portage/package.tmp/portage/dev-util/wayland-scanner-1.21.0/temp/meson.x86_64-pc-linux-gnu.amd64.ini'
Python system: Linux
The Meson build system
Version: 0.63.0
Source dir: /etc/portage/package.tmp/portage/dev-util/wayland-scanner-1.21.0/work/wayland-1.21.0
Build dir: /etc/portage/package.tmp/portage/dev-util/wayland-scanner-1.21.0/work/wayland-scanner-1.21.0-build
Build type: native build
Project name: wayland
Project version: 1.21.0

meson.build:1:0: ERROR: Unable to detect linker for compiler "clang -Wl,--version -march=native -O2 -flto -fdiagnostics-color=always"
stdout: 
stderr: /usr/sbin/x86_64-pc-linux-gnu-ld: /usr/lib/llvm/14/bin/../lib64/LLVMgold.so: error loading plugin: /usr/lib/llvm/14/bin/../lib64/LLVMgold.so: cannot open shared object file: No such file or directory
clang-14: [0;1;31merror: [0m[1mlinker command failed with exit code 1 (use -v to see invocation)[0m

